<?xml version="1.0" encoding="UTF-8"?>
<testsuite name="ParserTest" tests="3" skipped="0" failures="0" errors="0" timestamp="2025-04-27T06:20:09.014Z" hostname="ASUS" time="0.047">
  <properties/>
  <testcase name="testSortByName()" classname="ParserTest" time="0.034"/>
  <testcase name="testSortByRating()" classname="ParserTest" time="0.004"/>
  <testcase name="testSortByPrice()" classname="ParserTest" time="0.003"/>
  <system-out><![CDATA[]]></system-out>
  <system-err><![CDATA[]]></system-err>
</testsuite>
