<?xml version="1.0" encoding="UTF-8"?>
<testsuite name="ParserTest" tests="3" skipped="0" failures="0" errors="0" timestamp="2025-04-24T15:53:48" hostname="DESKTOP-KSC1U14" time="0.014">
  <properties/>
  <testcase name="testSortByName()" classname="ParserTest" time="0.009"/>
  <testcase name="testSortByRating()" classname="ParserTest" time="0.002"/>
  <testcase name="testSortByPrice()" classname="ParserTest" time="0.001"/>
  <system-out><![CDATA[]]></system-out>
  <system-err><![CDATA[]]></system-err>
</testsuite>
