<?xml version="1.0" encoding="UTF-8"?>
<testsuite name="ParserTest" tests="3" skipped="0" failures="0" errors="0" timestamp="2024-02-28T15:09:51" hostname="DESKTOP-UC73C4L" time="0.037">
  <properties/>
  <testcase name="testSortByArea()" classname="ParserTest" time="0.028"/>
  <testcase name="testSortByName()" classname="ParserTest" time="0.003"/>
  <testcase name="testSortByPopulation()" classname="ParserTest" time="0.004"/>
  <system-out><![CDATA[]]></system-out>
  <system-err><![CDATA[]]></system-err>
</testsuite>
