<?xml version="1.0" encoding="UTF-8"?>
<testsuite name="ParserTest" tests="3" skipped="0" failures="0" errors="0" timestamp="2025-04-23T13:49:31" hostname="DESKTOP-7J7TK6R" time="0.157">
  <properties/>
  <testcase name="testSortByName()" classname="ParserTest" time="0.075"/>
  <testcase name="testSortByRating()" classname="ParserTest" time="0.025"/>
  <testcase name="testSortByPrice()" classname="ParserTest" time="0.018"/>
  <system-out><![CDATA[]]></system-out>
  <system-err><![CDATA[]]></system-err>
</testsuite>
