<?xml version="1.0" encoding="UTF-8"?>
<testsuite name="ParserTest" tests="1" skipped="0" failures="0" errors="0" timestamp="2025-04-23T16:39:18" hostname="DESKTOP-3BM3509" time="0.016">
  <properties/>
  <testcase name="testSortByName()" classname="ParserTest" time="0.016"/>
  <system-out><![CDATA[]]></system-out>
  <system-err><![CDATA[]]></system-err>
</testsuite>
