<?xml version="1.0" encoding="UTF-8"?>
<testsuite name="ParserTest" tests="1" skipped="0" failures="0" errors="0" timestamp="2025-05-07T02:21:30.502Z" hostname="PROGRAMER" time="0.028">
  <properties/>
  <testcase name="testSortByName()" classname="ParserTest" time="0.028"/>
  <system-out><![CDATA[]]></system-out>
  <system-err><![CDATA[]]></system-err>
</testsuite>
